***** 2021/3/16 : 4:57 *****
VMCompiler:Loading assembly D:\Github\i-wanna\engine\gamemaker_studio\GMAssetCompiler.exe
connect host:127.0.0.1 port6502
ParseGameLayout: size=234882
BIG ENDIAN=False
Reading project file....Failed to load C:\Users\senyu\Documents\GameMaker\GMDebug\gmdebug_layout.xml : 未能找到文件“C:\Users\senyu\Documents\GameMaker\GMDebug\gmdebug_layout.xml”。
Loading layout D:\Github\i-wanna\engine\gamemaker_studio\GMDebug\Resources\default_layout.xml
finished.
Session init:True
Socket Receive exception: 远程主机强迫关闭了一个现有的连接。
***** 2021/10/2 : 20:37 *****
VMCompiler:Loading assembly D:\Github\i-wanna\engine\gamemaker_studio\GMAssetCompiler.exe
connect host:127.0.0.1 port6502
ParseGameLayout: size=224886
BIG ENDIAN=False
Reading project file....finished.
Session init:True
***** 2021/10/10 : 11:18 *****
VMCompiler:Loading assembly D:\Github\i-wanna\engine\gamemaker_studio\GMAssetCompiler.exe
connect host:127.0.0.1 port6502
ParseGameLayout: size=516319
BIG ENDIAN=False
Reading project file....finished.
Session init:True
Socket Receive exception: 远程主机强迫关闭了一个现有的连接。
***** 2021/10/10 : 12:34 *****
VMCompiler:Loading assembly D:\Github\i-wanna\engine\gamemaker_studio\GMAssetCompiler.exe
connect host:127.0.0.1 port6502
ParseGameLayout: size=516181
Reading project file....BIG ENDIAN=False
finished.
Session init:True
Socket Receive exception: 远程主机强迫关闭了一个现有的连接。
***** 2021/10/12 : 16:55 *****
VMCompiler:Loading assembly D:\Github\i-wanna\engine\gamemaker_studio\GMAssetCompiler.exe
connect host:127.0.0.1 port6502
ParseGameLayout: size=534599
BIG ENDIAN=False
Reading project file....finished.
Session init:True
Help selected...
SetBreakpoint: A8 34E1DF8 34E1EA0
SetBreakpoint: D8 34E1DF8 34E1ED0
SetBreakpoint: A8 34E1DF8 34E1EA0
SetBreakpoint: D8 34E1DF8 34E1ED0
SetBreakpoint: 14 34E1DF8 34E1E0C
RestartButton Click!
